<?xml version="1.0" encoding="UTF-8"?>
<!-- Generated by org.testng.reporters.JUnitXMLReporter -->
<testsuite ignored="0" hostname="DESKTOP-0E99RNE" failures="1" tests="4" name="Test" time="51.457" errors="0" timestamp="2022-05-21T15:30:34 IST">
  <testcase classname="Testpackage.TestB" name="testA" time="0.106">
    <failure type="java.lang.NullPointerException" message="Cannot invoke &amp;quot;org.openqa.selenium.SearchContext.findElement(org.openqa.selenium.By)&amp;quot; because &amp;quot;this.searchContext&amp;quot; is null">
      <![CDATA[java.lang.NullPointerException: Cannot invoke "org.openqa.selenium.SearchContext.findElement(org.openqa.selenium.By)" because "this.searchContext" is null
at org.openqa.selenium.support.pagefactory.DefaultElementLocator.findElement(DefaultElementLocator.java:69)
at org.openqa.selenium.support.pagefactory.internal.LocatingElementHandler.invoke(LocatingElementHandler.java:38)
at jdk.proxy2/jdk.proxy2.$Proxy14.click(Unknown Source)
at pompackage.dashclas.desh(dashclas.java:28)
at Testpackage.TestB.testA(TestB.java:29)
at java.base/java.util.ArrayList.forEach(ArrayList.java:1511)
... Removed 27 stack frames]]>
    </failure>
  </testcase> <!-- testA -->
  <testcase classname="Testpackage.TestB" name="testB" time="0.006"/>
  <testcase classname="Testpackage.Textclassc" name="testA" time="0.3"/>
  <testcase classname="Testpackage.TestA" name="testA" time="20.143"/>
</testsuite> <!-- Test -->
