<?xml version="1.0" encoding="UTF-8"?>
<testng-results ignored="0" total="1" passed="1" failed="0" skipped="0">
  <reporter-output>
  </reporter-output>
  <suite started-at="2022-05-28T23:01:51 IST" name="Default suite" finished-at="2022-05-28T23:02:40 IST" duration-ms="48668">
    <groups>
    </groups>
    <test started-at="2022-05-28T23:01:51 IST" name="Default test" finished-at="2022-05-28T23:02:40 IST" duration-ms="48668">
      <class name="Testpackage.TestA">
        <test-method is-config="true" signature="beforeclass()[pri:0, instance:Testpackage.TestA@1700915]" started-at="2022-05-28T23:01:51 IST" name="beforeclass" finished-at="2022-05-28T23:02:21 IST" duration-ms="30030" status="PASS">
          <reporter-output>
          </reporter-output>
        </test-method> <!-- beforeclass -->
        <test-method is-config="true" signature="beforemethod()[pri:0, instance:Testpackage.TestA@1700915]" started-at="2022-05-28T23:02:21 IST" name="beforemethod" finished-at="2022-05-28T23:02:21 IST" duration-ms="1" status="PASS">
          <reporter-output>
          </reporter-output>
        </test-method> <!-- beforemethod -->
        <test-method signature="testA()[pri:0, instance:Testpackage.TestA@1700915]" started-at="2022-05-28T23:02:21 IST" name="testA" finished-at="2022-05-28T23:02:40 IST" duration-ms="18392" status="PASS">
          <reporter-output>
          </reporter-output>
        </test-method> <!-- testA -->
        <test-method is-config="true" signature="aftermethod()[pri:0, instance:Testpackage.TestA@1700915]" started-at="2022-05-28T23:02:40 IST" name="aftermethod" finished-at="2022-05-28T23:02:40 IST" duration-ms="0" status="PASS">
          <reporter-output>
          </reporter-output>
        </test-method> <!-- aftermethod -->
        <test-method is-config="true" signature="afterclass()[pri:0, instance:Testpackage.TestA@1700915]" started-at="2022-05-28T23:02:40 IST" name="afterclass" finished-at="2022-05-28T23:02:40 IST" duration-ms="1" status="PASS">
          <reporter-output>
          </reporter-output>
        </test-method> <!-- afterclass -->
      </class> <!-- Testpackage.TestA -->
    </test> <!-- Default test -->
  </suite> <!-- Default suite -->
</testng-results>
